2026-01-26 10:22:32.635305: Connected to HSGQ OLT
2026-01-26 10:22:59.644976: Logged in successfully
2026-01-26 10:23:09.656137: Entered enable mode
2026-01-26 10:23:19.666931: Entered config mode
2026-01-26 10:23:29.669063: Entered interface gpon 0/7
2026-01-26 10:23:44.679946: Output after reboot command:
onu0reboot
2026-01-26 10:23:44.680073: ONU rebooted successfully
2026-01-26 10:23:45.681656: Connection closed
2026-01-26 10:39:22.066759: Connected to HSGQ OLT
2026-01-26 10:39:49.095279: Logged in successfully
2026-01-26 10:39:59.101929: Entered enable mode
2026-01-26 10:40:09.109317: Entered config mode
2026-01-26 10:40:26.116154: Command sent: ont reset 7 0
2026-01-26 10:40:26.116202: Output after reset command:
ontreset70
2026-01-26 10:40:26.116291: ONU reset successfully
2026-01-26 10:40:26.617240: Connection closed
2026-01-26 10:50:24.614260: Connected to HSGQ OLT
2026-01-26 10:50:51.627390: Logged in successfully
2026-01-26 10:51:01.637773: Entered enable mode
2026-01-26 10:51:11.646044: Entered config mode
2026-01-26 10:51:28.651073: Command sent: ont reset 7 1
2026-01-26 10:51:28.651120: Output after reset command:
ontreset71
2026-01-26 10:51:28.651206: ONU reset successfully
2026-01-26 10:51:29.152113: Connection closed
2026-01-26 11:49:02.101085: Connected to HSGQ OLT
2026-01-26 11:49:12.112972: Logged in successfully
2026-01-26 11:49:17.118316: Entered enable mode
2026-01-26 11:49:22.124224: Entered config mode
2026-01-26 11:49:28.130011: Command sent: ont reset 7 1
2026-01-26 11:49:28.130068: Output after reset command:
ontreset71
2026-01-26 11:49:28.130160: ONU reset successfully
2026-01-26 11:49:28.130374: Connection closed
2026-01-26 11:54:11.380193: Connected to HSGQ OLT
2026-01-26 11:54:21.390281: Logged in successfully
2026-01-26 11:54:26.396669: Entered enable mode
2026-01-26 11:54:31.402953: Entered config mode
2026-01-26 11:54:37.409724: Command sent: ont reset 7 1
2026-01-26 11:54:37.409775: Output after reset command:
ontreset71
2026-01-26 11:54:37.409902: ONU reset successfully
2026-01-26 11:54:37.410048: Connection closed
2026-01-26 12:03:27.091053: Connected to HSGQ OLT
2026-01-26 12:03:37.102351: Logged in successfully
2026-01-26 12:03:42.108247: Entered enable mode
2026-01-26 12:03:47.113744: Entered config mode
2026-01-26 12:03:53.120559: Command sent: ont reset 7 1
2026-01-26 12:03:53.120608: Output after reset command:
ontreset71
2026-01-26 12:03:53.120717: ONU reset successfully
2026-01-26 12:03:53.120937: Connection closed
2026-01-26 12:14:31.863065: Connected to HSGQ OLT
2026-01-26 12:14:41.874399: Logged in successfully
2026-01-26 12:14:46.880424: Entered enable mode
2026-01-26 12:14:51.885932: Entered config mode
2026-01-26 12:14:57.892663: Command sent: ont reset 7 3
2026-01-26 12:14:57.892707: Output after reset command:
ontreset73
2026-01-26 12:14:57.892794: ONU reset successfully
2026-01-26 12:14:57.893085: Connection closed
2026-01-26 12:40:52.934210: Connected to HSGQ OLT
2026-01-26 12:41:02.945151: Logged in successfully
2026-01-26 12:41:07.951316: Entered enable mode
2026-01-26 12:41:12.956001: Entered config mode
2026-01-26 12:41:15.957275: Command sent: ont reset 7 3
2026-01-26 12:41:15.957317: Output after reset command:
ontreset73
2026-01-26 12:41:15.957396: ONU reset successfully
2026-01-26 12:41:15.957621: Connection closed
2026-01-26 12:42:22.814134: Connected to HSGQ OLT
2026-01-26 12:42:32.824965: Logged in successfully
2026-01-26 12:42:37.829035: Entered enable mode
2026-01-26 12:42:42.835286: Entered config mode
2026-01-26 12:42:45.837264: Command sent: ont reset 7 1
2026-01-26 12:42:45.837302: Output after reset command:
ontreset71
2026-01-26 12:42:45.837410: ONU reset successfully
2026-01-26 12:42:45.837562: Connection closed
2026-01-26 12:59:36.144685: Connected to HSGQ OLT
2026-01-26 12:59:46.157715: Logged in successfully
2026-01-26 12:59:51.163174: Entered enable mode
2026-01-26 12:59:56.168780: Entered config mode
2026-01-26 12:59:59.172789: Command sent: ont reset 7 0
2026-01-26 12:59:59.172897: Output after reset command:
ontreset70
2026-01-26 12:59:59.173052: ONU reset successfully
2026-01-26 12:59:59.173249: Connection closed
2026-01-26 13:11:36.628151 LOGIN SUCCESS
2026-01-26 13:11:41.634363 ENABLE MODE
2026-01-26 13:11:46.640675 CONFIG MODE
2026-01-26 13:11:58.653496 CMD: ont reset 7 12
2026-01-26 13:11:58.653541 OUTPUT:
ontreset712
2026-01-26 13:11:58.653627 RESET EXECUTED (no confirm text)
2026-01-26 13:11:58.653768 SESSION CLOSED
2026-01-26 13:28:45.554646 LOGIN SUCCESS
2026-01-26 13:28:50.560142 ENABLE MODE
2026-01-26 13:28:55.565770 CONFIG MODE
2026-01-26 13:29:07.578544 CMD: ont reset 7 51
2026-01-26 13:29:07.578587 OUTPUT:
ontreset751
2026-01-26 13:29:07.578612 RESET EXECUTED (no confirm text)
2026-01-26 13:29:07.578779 SESSION CLOSED
2026-01-26 13:33:46.099489 LOGIN SUCCESS
2026-01-26 13:33:51.104063 ENABLE MODE
2026-01-26 13:33:56.110164 CONFIG MODE
2026-01-26 13:34:08.118410 CMD: ont reset 7 13
2026-01-26 13:34:08.118455 OUTPUT:
ontreset713
[2026/01/26 13:32:27]  Info: ONU 4/8 ZTEGcbd8b93b ONU dying gasp

2026-01-26 13:34:08.118571 RESET EXECUTED (no confirm text)
2026-01-26 13:34:08.118729 SESSION CLOSED
2026-01-26 13:35:26.037731 LOGIN SUCCESS
2026-01-26 13:35:31.044149 ENABLE MODE
2026-01-26 13:35:36.049775 CONFIG MODE
2026-01-26 13:35:48.062706 CMD: ont reset 7 14
2026-01-26 13:35:48.062751 OUTPUT:
ontreset714
2026-01-26 13:35:48.063091 RESET EXECUTED (no confirm text)
2026-01-26 13:35:48.063328 SESSION CLOSED
2026-01-26 13:42:08.391334 LOGIN SUCCESS
2026-01-26 13:42:13.396077 ENABLE MODE
2026-01-26 13:42:18.402049 CONFIG MODE
2026-01-26 13:42:30.411068 CMD: ont reset 7 46
2026-01-26 13:42:30.411110 OUTPUT:
ontreset746
2026-01-26 13:42:30.411134 RESET EXECUTED (no confirm text)
2026-01-26 13:42:30.411303 SESSION CLOSED
2026-01-26 13:43:30.832173 LOGIN SUCCESS
2026-01-26 13:43:35.837992 ENABLE MODE
2026-01-26 13:43:40.843018 CONFIG MODE
2026-01-26 13:43:52.855101 CMD: ont reset 7 46
2026-01-26 13:43:52.855146 OUTPUT:
ontreset746
2026-01-26 13:43:52.855254 RESET EXECUTED (no confirm text)
2026-01-26 13:43:52.855443 SESSION CLOSED
2026-01-26 13:49:34.189054 LOGIN SUCCESS
2026-01-26 13:49:39.194454 ENABLE MODE
2026-01-26 13:49:44.200778 CONFIG MODE
2026-01-26 13:49:57.205229 CMD: ont reset 7 46
2026-01-26 13:49:57.205273 OUTPUT:
ontreset746
[2026/01/26 13:48:17]  Info: ONU 7/21 ZTEGce91dd07 ONU dying gasp

2026-01-26 13:49:57.205353 RESET EXECUTED WITHOUT CONFIRM
2026-01-26 13:49:57.205513 SESSION CLOSED
2026-01-26 13:50:39.061439 LOGIN SUCCESS
2026-01-26 13:50:44.067700 ENABLE MODE
2026-01-26 13:50:49.073950 CONFIG MODE
2026-01-26 13:51:02.082550 CMD: ont reset 7 46
2026-01-26 13:51:02.082588 OUTPUT:
ontreset746
[2026/01/26 13:49:22]  Info: ONU 7/21 ZTEGce91dd07 ONU dying gasp, Reason:Recover

2026-01-26 13:51:02.082665 RESET EXECUTED WITHOUT CONFIRM
2026-01-26 13:51:02.082811 SESSION CLOSED
2026-01-26 15:07:03.948035 LOGIN SUCCESS
2026-01-26 15:07:08.954218 ENABLE MODE
2026-01-26 15:07:13.960428 CONFIG MODE
2026-01-26 15:07:15.963089 CHECK ONU:
showontinfo746
2026-01-26 15:07:17.965593 RESET CMD: ont reset 7 46
2026-01-26 15:07:17.965632 RESET OUTPUT:
ontreset746
2026-01-26 15:07:19.968169 VERIFY OUTPUT:
showontinfo746
2026-01-26 15:07:19.968278 RESET SENT (status unknown)
2026-01-26 15:07:19.968434 SESSION CLOSED
2026-01-26 15:12:20.188693 CONNECTING TO OLT...
2026-01-26 15:12:20.219897 WAIT USERNAME PROMPT
2026-01-26 15:12:20.255258 WAIT PASSWORD PROMPT
2026-01-26 15:12:30.266676 LOGIN SUCCESS
2026-01-26 15:12:35.270041 ENTER ENABLE MODE
2026-01-26 15:12:40.274926 ENTER CONFIG MODE
2026-01-26 15:12:40.275070 CHECK ONU 7/46
2026-01-26 15:12:42.277565 ONU 7/46 EXIST - PROCEED RESET
2026-01-26 15:12:42.277735 SEND RESET COMMAND ont reset 7 46
2026-01-26 15:12:44.280277 OLT RESPONSE:
2026-01-26 15:12:44.280450   ontreset746
2026-01-26 15:12:44.280500 VERIFY ONU STATUS
2026-01-26 15:12:46.282238 RESET SENT - STATUS NOT DOWN YET
2026-01-26 15:12:46.282579 SESSION CLOSED
2026-01-26 15:16:07.552611 CONNECTING TO OLT...
2026-01-26 15:16:07.583001 WAIT USERNAME PROMPT
2026-01-26 15:16:07.684389 WAIT PASSWORD PROMPT
2026-01-26 15:16:17.693163 LOGIN SUCCESS
2026-01-26 15:16:22.698912 ENTER ENABLE MODE
2026-01-26 15:16:27.704616 ENTER CONFIG MODE
2026-01-26 15:16:27.704800 CHECK ONU 7/46
2026-01-26 15:16:29.707453 ONU 7/46 EXIST - PROCEED RESET
2026-01-26 15:16:29.707637 SEND RESET COMMAND ont reset 7 46
2026-01-26 15:16:34.712375 OLT RESPONSE:
2026-01-26 15:16:34.712574   ontreset746
2026-01-26 15:16:34.712619 VERIFY ONU STATUS
2026-01-26 15:16:36.715155 RESET SENT - STATUS NOT DOWN YET
2026-01-26 15:16:36.715435 SESSION CLOSED
2026-01-26 18:34:21.285469 CONNECTING TO OLT ...
2026-01-26 18:34:31.835770 LOGIN SUCCESS
2026-01-26 18:34:37.053148 ENTER ENABLE MODE
2026-01-26 18:34:42.632632 ENTER CONFIG MODE
2026-01-26 18:34:42.632857 CHECK ONU 7/46
2026-01-26 18:34:45.208480 ONU UPTIME BEFORE RESET: 
2026-01-26 18:34:45.208680 SEND RESET COMMAND: ont reset 7 46
2026-01-26 18:34:49.666403 OLT RESPONSE:
2026-01-26 18:34:49.666571   ontreset746
2026-01-26 18:34:49.666620 VERIFY ONU UPTIME AFTER RESET
2026-01-26 18:34:53.244188 ONU UPTIME AFTER RESET: 
2026-01-26 18:34:53.244330 RESET COMMAND SENT - ONU DID NOT REBOOT
2026-01-26 18:34:53.395510 SESSION CLOSED
2026-01-26 18:37:53.986737 CONNECTING TO OLT ...
2026-01-26 18:38:04.526059 LOGIN SUCCESS
2026-01-26 18:38:09.743575 ENTER ENABLE MODE
2026-01-26 18:38:15.324747 ENTER CONFIG MODE
2026-01-26 18:38:15.325155 CHECK ONU 7/0
2026-01-26 18:38:17.870352 ONU UPTIME BEFORE RESET: 
2026-01-26 18:38:17.870536 SEND RESET COMMAND: ont reset 7 0
2026-01-26 18:38:22.298337 OLT RESPONSE:
2026-01-26 18:38:22.298566   ontreset70
2026-01-26 18:38:22.298619 VERIFY ONU UPTIME AFTER RESET
2026-01-26 18:38:25.845351 ONU UPTIME AFTER RESET: 
2026-01-26 18:38:25.845564 RESET COMMAND SENT - ONU DID NOT REBOOT
2026-01-26 18:38:25.997045 SESSION CLOSED
