2026-01-27 15:36:38.500329 CONNECTING TO OLT ...
2026-01-27 15:36:53.968949 LOGIN SUCCESS
2026-01-27 15:36:59.186448 ENTER ENABLE MODE
2026-01-27 15:37:04.404022 ENTER CONFIG MODE
2026-01-27 15:37:04.404201 ENTER INTERFACE GPON 0/7
2026-01-27 15:37:09.984138 INTERFACE GPON 0/7 MODE
2026-01-27 15:37:09.984330 SEND REBOOT COMMAND: onu 1 reboot
2026-01-27 15:37:12.379960 REBOOT COMMAND RESPONSE:
2026-01-27 15:37:12.380129   onu1reboot
2026-01-27 15:37:12.380181 REBOOT COMMAND SENT SUCCESSFULLY
2026-01-27 15:37:15.686038 SESSION CLOSED
2026-01-27 15:42:25.227697 CONNECTING TO OLT ...
2026-01-27 15:42:40.697396 LOGIN SUCCESS
2026-01-27 15:42:45.914770 ENTER ENABLE MODE
2026-01-27 15:42:51.129463 ENTER CONFIG MODE
2026-01-27 15:42:51.129642 SEND REBOOT COMMAND: ont reset 7 1
2026-01-27 15:42:54.555189 REBOOT COMMAND RESPONSE:
2026-01-27 15:42:54.555355   ontreset71
2026-01-27 15:42:54.555432 REBOOT COMMAND SENT SUCCESSFULLY
2026-01-27 15:42:55.858303 SESSION CLOSED
2026-01-27 15:52:18.370497 CONNECTING TO OLT ...
2026-01-27 15:52:33.836014 LOGIN SUCCESS
2026-01-27 15:52:39.053030 ENTER ENABLE MODE
2026-01-27 15:52:44.360992 ENTER CONFIG MODE
2026-01-27 15:52:44.361177 SEND REBOOT COMMAND: ont reset 7 1
2026-01-27 15:52:47.787812 REBOOT COMMAND RESPONSE:
2026-01-27 15:52:47.788057   ontreset71
2026-01-27 15:52:47.788119 REBOOT COMMAND SENT SUCCESSFULLY
2026-01-27 15:52:49.091794 SESSION CLOSED
2026-01-27 15:57:27.584299 CONNECTING TO OLT ...
2026-01-27 15:57:43.052617 LOGIN SUCCESS
2026-01-27 15:57:48.269961 ENTER ENABLE MODE
2026-01-27 15:57:53.573032 ENTER CONFIG MODE
2026-01-27 15:57:53.573211 SEND REBOOT COMMAND: ont reset 7 1
2026-01-27 15:57:54.997616 IMMEDIATE RESPONSE:
2026-01-27 15:57:54.997781   ontreset71
2026-01-27 15:57:54.997903 WAITING FOR ASYNC REBOOT CONFIRMATION...
2026-01-27 15:58:00.003227 ASYNC MESSAGE:
2026-01-27 15:58:00.003456 REBOOT COMMAND SENT (no confirmation)
2026-01-27 15:58:01.307322 SESSION CLOSED
2026-01-27 16:00:06.625289 CONNECTING TO OLT ...
2026-01-27 16:00:22.090068 LOGIN SUCCESS
2026-01-27 16:00:27.307338 ENTER ENABLE MODE
2026-01-27 16:00:32.614992 ENTER CONFIG MODE
2026-01-27 16:00:32.615151 SEND REBOOT COMMAND: ont reset 7 0
2026-01-27 16:00:33.038091 WAITING FOR RESPONSE AND ASYNC MESSAGES...
2026-01-27 16:00:41.046652 FULL OUTPUT:
2026-01-27 16:00:41.046898   ontreset70
2026-01-27 16:00:41.046996 REBOOT COMMAND SENT (no async confirmation received)
2026-01-27 16:00:42.350768 SESSION CLOSED
2026-01-27 16:03:48.078104 CONNECTING TO OLT ...
2026-01-27 16:04:03.549145 LOGIN SUCCESS
2026-01-27 16:04:08.766775 ENTER ENABLE MODE
2026-01-27 16:04:14.074807 ENTER CONFIG MODE
2026-01-27 16:04:14.075015 SEND REBOOT COMMAND: ont reset 7 0
2026-01-27 16:04:14.498265 WAITING FOR RESPONSE AND ASYNC MESSAGES...
2026-01-27 16:04:22.506939 FULL OUTPUT:
2026-01-27 16:04:22.507169   ontreset70
2026-01-27 16:04:22.507235 REBOOT COMMAND SENT (no async confirmation received)
2026-01-27 16:04:23.811406 SESSION CLOSED
