2026-01-27 17:26:30.009426 CONNECTING TO ZTE C600 OLT ...
2026-01-27 17:26:30.385630 LOGIN SUCCESS
2026-01-27 17:26:30.412263 ENTER CONFIG MODE
2026-01-27 17:26:30.412592 ENTER INTERFACE: interface gpon-onu_1/2/1:3
2026-01-27 17:26:31.414674 INTERFACE RESPONSE:
2026-01-27 17:26:31.414923   interface gpon-onu_1/2/1:3
2026-01-27 17:26:31.414990   interface gpon-onu_1/2/1:3
2026-01-27 17:26:31.415021                 ^
2026-01-27 17:26:31.415044   %Error 140303: Invalid input detected at '^' marker.
2026-01-27 17:26:31.415071   ZXAN(config)#
2026-01-27 17:26:31.415100 ERROR: ONU 1/2/1:3 NOT EXIST
2026-01-27 17:28:53.467122 CONNECTING TO ZTE C600 OLT ...
2026-01-27 17:28:53.787349 LOGIN SUCCESS
2026-01-27 17:28:53.813858 ENTER CONFIG MODE
2026-01-27 17:28:53.813998 ENTER INTERFACE: interface gpon_onu-1/2/1:3
2026-01-27 17:28:53.850251 INTERFACE RESPONSE:
2026-01-27 17:28:53.850374   interface gpon_onu-1/2/1:3
2026-01-27 17:28:53.850416   ZXAN(config-if-gpon_onu-1/2/1:3)#
2026-01-27 17:28:53.850458 SEND RESET COMMAND
2026-01-27 17:28:55.852323 RESET RESPONSE:
2026-01-27 17:28:55.852475   reset
2026-01-27 17:28:55.852525   ZXAN(config-if-gpon_onu-1/2/1:3)#
2026-01-27 17:28:55.852569 RESET COMMAND SENT SUCCESSFULLY
2026-01-27 17:28:56.853993 SESSION CLOSED
2026-01-27 17:34:11.912137 CONNECTING TO ZTE C600 OLT ...
2026-01-27 17:34:30.913009 CONNECTING TO ZTE C600 OLT ...
2026-01-27 17:38:03.257266 CONNECTING TO ZTE C600 OLT ...
2026-01-27 17:39:00.267657 CONNECTING TO ZTE C600 OLT ...
2026-01-27 17:40:05.492058 CONNECTING TO ZTE C600 OLT ...
2026-01-27 18:02:35.883102 CONNECTING TO ZTE C600 OLT ...
2026-01-27 18:02:36.198247 LOGIN SUCCESS
2026-01-27 18:02:36.225640 ENTER CONFIG MODE
2026-01-27 18:02:36.225791 ENTER INTERFACE: interface gpon_onu-1/2/1:4
2026-01-27 18:02:36.260568 INTERFACE RESPONSE:
2026-01-27 18:02:36.260723   interface gpon_onu-1/2/1:4
2026-01-27 18:02:36.260773   ZXAN(config-if-gpon_onu-1/2/1:4)#
2026-01-27 18:02:36.260815 SEND RESET COMMAND
2026-01-27 18:02:38.263481 RESET RESPONSE:
2026-01-27 18:02:38.263697   reset
2026-01-27 18:02:38.263739   ZXAN(config-if-gpon_onu-1/2/1:4)#
2026-01-27 18:02:38.263771 RESET COMMAND SENT SUCCESSFULLY
2026-01-27 18:02:39.265254 SESSION CLOSED
2026-01-27 18:05:47.590690 CONNECTING TO ZTE C600 OLT ...
2026-01-27 18:05:47.898181 LOGIN SUCCESS
2026-01-27 18:05:47.925622 ENTER CONFIG MODE
2026-01-27 18:05:47.925736 ENTER INTERFACE: interface gpon_onu-1/2/1:5
2026-01-27 18:05:47.961220 INTERFACE RESPONSE:
2026-01-27 18:05:47.961343   interface gpon_onu-1/2/1:5
2026-01-27 18:05:47.961421   ZXAN(config-if-gpon_onu-1/2/1:5)#
2026-01-27 18:05:47.961472 SEND RESET COMMAND
2026-01-27 18:05:49.964108 RESET RESPONSE:
2026-01-27 18:05:49.964274   reset
2026-01-27 18:05:49.964324   ZXAN(config-if-gpon_onu-1/2/1:5)#
2026-01-27 18:05:49.964402 RESET COMMAND SENT SUCCESSFULLY
2026-01-27 18:05:50.965175 SESSION CLOSED
